<?xml version="1.0" encoding="UTF-8"?>
<!-- Generated by org.testng.reporters.JUnitXMLReporter -->
<testsuite hostname="RODRIGOESPI1ED7" name="Command line test" tests="2" failures="0" timestamp="25 May 2021 23:24:08 GMT" time="139.752" errors="0">
  <testcase name="testFlujoPageDemoQA" time="60.791" classname="testCases.Test_CasoDePruebaDemoQA0001"/>
  <testcase name="testFlujoPageOnlineDemoQA" time="78.944" classname="testCases.Test_CasoDePruebaDemoQA0002"/>
</testsuite> <!-- Command line test -->
