<?xml version="1.0" encoding="UTF-8"?>
<!-- Generated by org.testng.reporters.JUnitXMLReporter -->
<testsuite hostname="RODRIGOESPI1ED7" name="Command line test" tests="2" failures="0" timestamp="26 May 2021 18:35:49 GMT" time="126.643" errors="0">
  <testcase name="testFlujoPageDemoQA" time="56.256" classname="testCases.Test_CasoDePruebaDemoQA0001"/>
  <testcase name="testFlujoPageOnlineDemoQA" time="70.385" classname="testCases.Test_CasoDePruebaDemoQA0002"/>
</testsuite> <!-- Command line test -->
