<?xml version="1.0" encoding="UTF-8"?>
<testng-results skipped="0" failed="0" total="2" passed="2">
  <reporter-output>
  </reporter-output>
  <suite name="Command line suite" duration-ms="135485" started-at="2021-05-26T06:03:55Z" finished-at="2021-05-26T06:06:10Z">
    <groups>
    </groups>
    <test name="Command line test" duration-ms="135485" started-at="2021-05-26T06:03:55Z" finished-at="2021-05-26T06:06:10Z">
      <class name="testCases.Test_CasoDePruebaDemoQA0002">
        <test-method status="PASS" signature="testFlujoPageOnlineDemoQA()[pri:0, instance:testCases.Test_CasoDePruebaDemoQA0002@96532d6]" name="testFlujoPageOnlineDemoQA" duration-ms="69909" started-at="2021-05-26T02:05:00Z" finished-at="2021-05-26T02:06:10Z">
          <reporter-output>
          </reporter-output>
        </test-method> <!-- testFlujoPageOnlineDemoQA -->
      </class> <!-- testCases.Test_CasoDePruebaDemoQA0002 -->
      <class name="testCases.Test_CasoDePruebaDemoQA0001">
        <test-method status="PASS" signature="testFlujoPageDemoQA()[pri:0, instance:testCases.Test_CasoDePruebaDemoQA0001@2812cbfa]" name="testFlujoPageDemoQA" duration-ms="65570" started-at="2021-05-26T02:03:55Z" finished-at="2021-05-26T02:05:00Z">
          <reporter-output>
          </reporter-output>
        </test-method> <!-- testFlujoPageDemoQA -->
      </class> <!-- testCases.Test_CasoDePruebaDemoQA0001 -->
    </test> <!-- Command line test -->
  </suite> <!-- Command line suite -->
</testng-results>
